<?xml version="1.0" encoding="UTF-8"?>
<testsuite xmlns:xsi="http://www.w3.org/2001/XMLSchema-instance" xsi:noNamespaceSchemaLocation="https://maven.apache.org/surefire/maven-surefire-plugin/xsd/surefire-test-report-3.0.xsd" version="3.0" name="step_definations.RunCucumberTest" time="1.183" tests="0" errors="0" skipped="0" failures="0">
  <properties>
    <property name="java.specification.version" value="15"/>
    <property name="sun.cpu.isalist" value="amd64"/>
    <property name="sun.jnu.encoding" value="Cp1252"/>
    <property name="java.class.path" value="C:\Users\sharif.gaballah\IdeaProjects\MDX-Automation_Tests\target\test-classes;C:\Users\sharif.gaballah\IdeaProjects\MDX-Automation_Tests\target\classes;C:\Whitelisted\Maven\M2\.m2\repository\io\cucumber\cucumber-java\6.10.2\cucumber-java-6.10.2.jar;C:\Whitelisted\Maven\M2\.m2\repository\org\apiguardian\apiguardian-api\1.1.1\apiguardian-api-1.1.1.jar;C:\Whitelisted\Maven\M2\.m2\repository\io\cucumber\cucumber-core\6.10.2\cucumber-core-6.10.2.jar;C:\Whitelisted\Maven\M2\.m2\repository\io\cucumber\cucumber-gherkin-messages\6.10.2\cucumber-gherkin-messages-6.10.2.jar;C:\Whitelisted\Maven\M2\.m2\repository\io\cucumber\messages\14.0.1\messages-14.0.1.jar;C:\Whitelisted\Maven\M2\.m2\repository\io\cucumber\cucumber-expressions\10.3.0\cucumber-expressions-10.3.0.jar;C:\Whitelisted\Maven\M2\.m2\repository\io\cucumber\datatable\3.5.0\datatable-3.5.0.jar;C:\Whitelisted\Maven\M2\.m2\repository\io\cucumber\cucumber-plugin\6.10.2\cucumber-plugin-6.10.2.jar;C:\Whitelisted\Maven\M2\.m2\repository\io\cucumber\docstring\6.10.2\docstring-6.10.2.jar;C:\Whitelisted\Maven\M2\.m2\repository\io\cucumber\html-formatter\12.0.0\html-formatter-12.0.0.jar;C:\Whitelisted\Maven\M2\.m2\repository\io\cucumber\create-meta\3.0.0\create-meta-3.0.0.jar;C:\Whitelisted\Maven\M2\.m2\repository\io\cucumber\gherkin\17.0.1\gherkin-17.0.1.jar;C:\Whitelisted\Maven\M2\.m2\repository\io\cucumber\cucumber-java8\6.9.1\cucumber-java8-6.9.1.jar;C:\Whitelisted\Maven\M2\.m2\repository\net\jodah\typetools\0.6.2\typetools-0.6.2.jar;C:\Whitelisted\Maven\M2\.m2\repository\io\cucumber\cucumber-testng\6.9.1\cucumber-testng-6.9.1.jar;C:\Whitelisted\Maven\M2\.m2\repository\org\testng\testng\7.3.0\testng-7.3.0.jar;C:\Whitelisted\Maven\M2\.m2\repository\com\beust\jcommander\1.78\jcommander-1.78.jar;C:\Whitelisted\Maven\M2\.m2\repository\org\apache\ant\ant\1.10.3\ant-1.10.3.jar;C:\Whitelisted\Maven\M2\.m2\repository\org\apache\ant\ant-launcher\1.10.3\ant-launcher-1.10.3.jar;C:\Whitelisted\Maven\M2\.m2\repository\com\google\inject\guice\4.2.2\guice-4.2.2-no_aop.jar;C:\Whitelisted\Maven\M2\.m2\repository\javax\inject\javax.inject\1\javax.inject-1.jar;C:\Whitelisted\Maven\M2\.m2\repository\aopalliance\aopalliance\1.0\aopalliance-1.0.jar;C:\Whitelisted\Maven\M2\.m2\repository\org\yaml\snakeyaml\1.21\snakeyaml-1.21.jar;C:\Whitelisted\Maven\M2\.m2\repository\io\cucumber\tag-expressions\3.0.0\tag-expressions-3.0.0.jar;C:\Whitelisted\Maven\M2\.m2\repository\io\cucumber\cucumber-gherkin\6.10.2\cucumber-gherkin-6.10.2.jar;C:\Whitelisted\Maven\M2\.m2\repository\io\cucumber\cucumber-jvm-deps\1.0.6\cucumber-jvm-deps-1.0.6.jar;C:\Whitelisted\Maven\M2\.m2\repository\io\cucumber\cucumber-junit\6.9.1\cucumber-junit-6.9.1.jar;C:\Whitelisted\Maven\M2\.m2\repository\junit\junit\4.13.1\junit-4.13.1.jar;C:\Whitelisted\Maven\M2\.m2\repository\org\hamcrest\hamcrest-core\1.3\hamcrest-core-1.3.jar;C:\Whitelisted\Maven\M2\.m2\repository\net\masterthought\cucumber-reporting\5.5.2\cucumber-reporting-5.5.2.jar;C:\Whitelisted\Maven\M2\.m2\repository\com\fasterxml\jackson\core\jackson-databind\2.12.1\jackson-databind-2.12.1.jar;C:\Whitelisted\Maven\M2\.m2\repository\com\fasterxml\jackson\core\jackson-annotations\2.12.1\jackson-annotations-2.12.1.jar;C:\Whitelisted\Maven\M2\.m2\repository\com\fasterxml\jackson\core\jackson-core\2.12.1\jackson-core-2.12.1.jar;C:\Whitelisted\Maven\M2\.m2\repository\com\fasterxml\jackson\datatype\jackson-datatype-jsr310\2.12.1\jackson-datatype-jsr310-2.12.1.jar;C:\Whitelisted\Maven\M2\.m2\repository\org\apache\velocity\velocity-engine-core\2.2\velocity-engine-core-2.2.jar;C:\Whitelisted\Maven\M2\.m2\repository\org\slf4j\slf4j-api\1.7.30\slf4j-api-1.7.30.jar;C:\Whitelisted\Maven\M2\.m2\repository\commons-collections\commons-collections\3.2.2\commons-collections-3.2.2.jar;C:\Whitelisted\Maven\M2\.m2\repository\joda-time\joda-time\2.10.9\joda-time-2.10.9.jar;C:\Whitelisted\Maven\M2\.m2\repository\org\apache\commons\commons-lang3\3.11\commons-lang3-3.11.jar;C:\Whitelisted\Maven\M2\.m2\repository\commons-io\commons-io\2.6\commons-io-2.6.jar;C:\Whitelisted\Maven\M2\.m2\repository\org\codehaus\plexus\plexus-utils\3.3.0\plexus-utils-3.3.0.jar;C:\Whitelisted\Maven\M2\.m2\repository\org\jsoup\jsoup\1.13.1\jsoup-1.13.1.jar;C:\Whitelisted\Maven\M2\.m2\repository\com\googlecode\owasp-java-html-sanitizer\owasp-java-html-sanitizer\20200713.1\owasp-java-html-sanitizer-20200713.1.jar;C:\Whitelisted\Maven\M2\.m2\repository\com\google\guava\guava\27.1-jre\guava-27.1-jre.jar;C:\Whitelisted\Maven\M2\.m2\repository\com\google\guava\failureaccess\1.0.1\failureaccess-1.0.1.jar;C:\Whitelisted\Maven\M2\.m2\repository\com\google\guava\listenablefuture\9999.0-empty-to-avoid-conflict-with-guava\listenablefuture-9999.0-empty-to-avoid-conflict-with-guava.jar;C:\Whitelisted\Maven\M2\.m2\repository\com\google\code\findbugs\jsr305\3.0.2\jsr305-3.0.2.jar;C:\Whitelisted\Maven\M2\.m2\repository\org\checkerframework\checker-qual\2.5.2\checker-qual-2.5.2.jar;C:\Whitelisted\Maven\M2\.m2\repository\com\google\errorprone\error_prone_annotations\2.2.0\error_prone_annotations-2.2.0.jar;C:\Whitelisted\Maven\M2\.m2\repository\com\google\j2objc\j2objc-annotations\1.1\j2objc-annotations-1.1.jar;C:\Whitelisted\Maven\M2\.m2\repository\org\codehaus\mojo\animal-sniffer-annotations\1.17\animal-sniffer-annotations-1.17.jar;C:\Whitelisted\Maven\M2\.m2\repository\commons-configuration\commons-configuration\1.10\commons-configuration-1.10.jar;C:\Whitelisted\Maven\M2\.m2\repository\commons-lang\commons-lang\2.6\commons-lang-2.6.jar;C:\Whitelisted\Maven\M2\.m2\repository\commons-logging\commons-logging\1.1.1\commons-logging-1.1.1.jar;"/>
    <property name="java.vm.vendor" value="Oracle Corporation"/>
    <property name="sun.arch.data.model" value="64"/>
    <property name="user.variant" value=""/>
    <property name="java.vendor.url" value="https://java.oracle.com/"/>
    <property name="user.timezone" value="America/New_York"/>
    <property name="os.name" value="Windows 10"/>
    <property name="java.vm.specification.version" value="15"/>
    <property name="sun.java.launcher" value="SUN_STANDARD"/>
    <property name="user.country" value="US"/>
    <property name="sun.boot.library.path" value="C:\Whitelisted\Java\jdk-15\bin"/>
    <property name="sun.java.command" value="C:\Users\sharif.gaballah\AppData\Local\Temp\surefire6356794353249174077\surefirebooter17864275185928734698.jar C:\Users\sharif.gaballah\AppData\Local\Temp\surefire6356794353249174077 2021-04-03T15-47-31_937-jvmRun1 surefire3081533784760034921tmp surefire_01954739508737569134tmp"/>
    <property name="jdk.debug" value="release"/>
    <property name="surefire.test.class.path" value="C:\Users\sharif.gaballah\IdeaProjects\MDX-Automation_Tests\target\test-classes;C:\Users\sharif.gaballah\IdeaProjects\MDX-Automation_Tests\target\classes;C:\Whitelisted\Maven\M2\.m2\repository\io\cucumber\cucumber-java\6.10.2\cucumber-java-6.10.2.jar;C:\Whitelisted\Maven\M2\.m2\repository\org\apiguardian\apiguardian-api\1.1.1\apiguardian-api-1.1.1.jar;C:\Whitelisted\Maven\M2\.m2\repository\io\cucumber\cucumber-core\6.10.2\cucumber-core-6.10.2.jar;C:\Whitelisted\Maven\M2\.m2\repository\io\cucumber\cucumber-gherkin-messages\6.10.2\cucumber-gherkin-messages-6.10.2.jar;C:\Whitelisted\Maven\M2\.m2\repository\io\cucumber\messages\14.0.1\messages-14.0.1.jar;C:\Whitelisted\Maven\M2\.m2\repository\io\cucumber\cucumber-expressions\10.3.0\cucumber-expressions-10.3.0.jar;C:\Whitelisted\Maven\M2\.m2\repository\io\cucumber\datatable\3.5.0\datatable-3.5.0.jar;C:\Whitelisted\Maven\M2\.m2\repository\io\cucumber\cucumber-plugin\6.10.2\cucumber-plugin-6.10.2.jar;C:\Whitelisted\Maven\M2\.m2\repository\io\cucumber\docstring\6.10.2\docstring-6.10.2.jar;C:\Whitelisted\Maven\M2\.m2\repository\io\cucumber\html-formatter\12.0.0\html-formatter-12.0.0.jar;C:\Whitelisted\Maven\M2\.m2\repository\io\cucumber\create-meta\3.0.0\create-meta-3.0.0.jar;C:\Whitelisted\Maven\M2\.m2\repository\io\cucumber\gherkin\17.0.1\gherkin-17.0.1.jar;C:\Whitelisted\Maven\M2\.m2\repository\io\cucumber\cucumber-java8\6.9.1\cucumber-java8-6.9.1.jar;C:\Whitelisted\Maven\M2\.m2\repository\net\jodah\typetools\0.6.2\typetools-0.6.2.jar;C:\Whitelisted\Maven\M2\.m2\repository\io\cucumber\cucumber-testng\6.9.1\cucumber-testng-6.9.1.jar;C:\Whitelisted\Maven\M2\.m2\repository\org\testng\testng\7.3.0\testng-7.3.0.jar;C:\Whitelisted\Maven\M2\.m2\repository\com\beust\jcommander\1.78\jcommander-1.78.jar;C:\Whitelisted\Maven\M2\.m2\repository\org\apache\ant\ant\1.10.3\ant-1.10.3.jar;C:\Whitelisted\Maven\M2\.m2\repository\org\apache\ant\ant-launcher\1.10.3\ant-launcher-1.10.3.jar;C:\Whitelisted\Maven\M2\.m2\repository\com\google\inject\guice\4.2.2\guice-4.2.2-no_aop.jar;C:\Whitelisted\Maven\M2\.m2\repository\javax\inject\javax.inject\1\javax.inject-1.jar;C:\Whitelisted\Maven\M2\.m2\repository\aopalliance\aopalliance\1.0\aopalliance-1.0.jar;C:\Whitelisted\Maven\M2\.m2\repository\org\yaml\snakeyaml\1.21\snakeyaml-1.21.jar;C:\Whitelisted\Maven\M2\.m2\repository\io\cucumber\tag-expressions\3.0.0\tag-expressions-3.0.0.jar;C:\Whitelisted\Maven\M2\.m2\repository\io\cucumber\cucumber-gherkin\6.10.2\cucumber-gherkin-6.10.2.jar;C:\Whitelisted\Maven\M2\.m2\repository\io\cucumber\cucumber-jvm-deps\1.0.6\cucumber-jvm-deps-1.0.6.jar;C:\Whitelisted\Maven\M2\.m2\repository\io\cucumber\cucumber-junit\6.9.1\cucumber-junit-6.9.1.jar;C:\Whitelisted\Maven\M2\.m2\repository\junit\junit\4.13.1\junit-4.13.1.jar;C:\Whitelisted\Maven\M2\.m2\repository\org\hamcrest\hamcrest-core\1.3\hamcrest-core-1.3.jar;C:\Whitelisted\Maven\M2\.m2\repository\net\masterthought\cucumber-reporting\5.5.2\cucumber-reporting-5.5.2.jar;C:\Whitelisted\Maven\M2\.m2\repository\com\fasterxml\jackson\core\jackson-databind\2.12.1\jackson-databind-2.12.1.jar;C:\Whitelisted\Maven\M2\.m2\repository\com\fasterxml\jackson\core\jackson-annotations\2.12.1\jackson-annotations-2.12.1.jar;C:\Whitelisted\Maven\M2\.m2\repository\com\fasterxml\jackson\core\jackson-core\2.12.1\jackson-core-2.12.1.jar;C:\Whitelisted\Maven\M2\.m2\repository\com\fasterxml\jackson\datatype\jackson-datatype-jsr310\2.12.1\jackson-datatype-jsr310-2.12.1.jar;C:\Whitelisted\Maven\M2\.m2\repository\org\apache\velocity\velocity-engine-core\2.2\velocity-engine-core-2.2.jar;C:\Whitelisted\Maven\M2\.m2\repository\org\slf4j\slf4j-api\1.7.30\slf4j-api-1.7.30.jar;C:\Whitelisted\Maven\M2\.m2\repository\commons-collections\commons-collections\3.2.2\commons-collections-3.2.2.jar;C:\Whitelisted\Maven\M2\.m2\repository\joda-time\joda-time\2.10.9\joda-time-2.10.9.jar;C:\Whitelisted\Maven\M2\.m2\repository\org\apache\commons\commons-lang3\3.11\commons-lang3-3.11.jar;C:\Whitelisted\Maven\M2\.m2\repository\commons-io\commons-io\2.6\commons-io-2.6.jar;C:\Whitelisted\Maven\M2\.m2\repository\org\codehaus\plexus\plexus-utils\3.3.0\plexus-utils-3.3.0.jar;C:\Whitelisted\Maven\M2\.m2\repository\org\jsoup\jsoup\1.13.1\jsoup-1.13.1.jar;C:\Whitelisted\Maven\M2\.m2\repository\com\googlecode\owasp-java-html-sanitizer\owasp-java-html-sanitizer\20200713.1\owasp-java-html-sanitizer-20200713.1.jar;C:\Whitelisted\Maven\M2\.m2\repository\com\google\guava\guava\27.1-jre\guava-27.1-jre.jar;C:\Whitelisted\Maven\M2\.m2\repository\com\google\guava\failureaccess\1.0.1\failureaccess-1.0.1.jar;C:\Whitelisted\Maven\M2\.m2\repository\com\google\guava\listenablefuture\9999.0-empty-to-avoid-conflict-with-guava\listenablefuture-9999.0-empty-to-avoid-conflict-with-guava.jar;C:\Whitelisted\Maven\M2\.m2\repository\com\google\code\findbugs\jsr305\3.0.2\jsr305-3.0.2.jar;C:\Whitelisted\Maven\M2\.m2\repository\org\checkerframework\checker-qual\2.5.2\checker-qual-2.5.2.jar;C:\Whitelisted\Maven\M2\.m2\repository\com\google\errorprone\error_prone_annotations\2.2.0\error_prone_annotations-2.2.0.jar;C:\Whitelisted\Maven\M2\.m2\repository\com\google\j2objc\j2objc-annotations\1.1\j2objc-annotations-1.1.jar;C:\Whitelisted\Maven\M2\.m2\repository\org\codehaus\mojo\animal-sniffer-annotations\1.17\animal-sniffer-annotations-1.17.jar;C:\Whitelisted\Maven\M2\.m2\repository\commons-configuration\commons-configuration\1.10\commons-configuration-1.10.jar;C:\Whitelisted\Maven\M2\.m2\repository\commons-lang\commons-lang\2.6\commons-lang-2.6.jar;C:\Whitelisted\Maven\M2\.m2\repository\commons-logging\commons-logging\1.1.1\commons-logging-1.1.1.jar;"/>
    <property name="sun.cpu.endian" value="little"/>
    <property name="user.home" value="C:\Users\sharif.gaballah"/>
    <property name="user.language" value="en"/>
    <property name="java.specification.vendor" value="Oracle Corporation"/>
    <property name="java.version.date" value="2021-01-19"/>
    <property name="java.home" value="C:\Whitelisted\Java\jdk-15"/>
    <property name="file.separator" value="\"/>
    <property name="basedir" value="C:\Users\sharif.gaballah\IdeaProjects\MDX-Automation_Tests"/>
    <property name="java.vm.compressedOopsMode" value="Zero based"/>
    <property name="line.separator" value="&#10;"/>
    <property name="java.vm.specification.vendor" value="Oracle Corporation"/>
    <property name="java.specification.name" value="Java Platform API Specification"/>
    <property name="surefire.real.class.path" value="C:\Users\sharif.gaballah\AppData\Local\Temp\surefire6356794353249174077\surefirebooter17864275185928734698.jar"/>
    <property name="user.script" value=""/>
    <property name="sun.management.compiler" value="HotSpot 64-Bit Tiered Compilers"/>
    <property name="java.runtime.version" value="15.0.2+7-27"/>
    <property name="user.name" value="sharif.gaballah"/>
    <property name="path.separator" value=";"/>
    <property name="os.version" value="10.0"/>
    <property name="java.runtime.name" value="Java(TM) SE Runtime Environment"/>
    <property name="file.encoding" value="Cp1252"/>
    <property name="java.vm.name" value="Java HotSpot(TM) 64-Bit Server VM"/>
    <property name="localRepository" value="C:\Whitelisted\Maven\M2\.m2\repository"/>
    <property name="java.vendor.url.bug" value="https://bugreport.java.com/bugreport/"/>
    <property name="java.io.tmpdir" value="C:\Users\sharif.gaballah\AppData\Local\Temp\"/>
    <property name="java.version" value="15.0.2"/>
    <property name="user.dir" value="C:\Users\sharif.gaballah\IdeaProjects\MDX-Automation_Tests"/>
    <property name="os.arch" value="amd64"/>
    <property name="java.vm.specification.name" value="Java Virtual Machine Specification"/>
    <property name="sun.os.patch.level" value=""/>
    <property name="java.library.path" value="C:\Whitelisted\Java\jdk-15\bin;C:\WINDOWS\Sun\Java\bin;C:\WINDOWS\system32;C:\WINDOWS;C:\Whitelisted\Java\jdk-15\bin;C:\Python38\Scripts\;C:\Python38\;C:\WINDOWS\system32;C:\WINDOWS;C:\WINDOWS\System32\Wbem;C:\WINDOWS\System32\WindowsPowerShell\v1.0\;C:\WINDOWS\System32\OpenSSH\;C:\Program Files (x86)\Symantec\VIP Access Client\;%M2_HOME%\bin;C:\Program Files\Git\cmd;C:\Program Files\Intel\WiFi\bin\;C:\Program Files\Common Files\Intel\WirelessCommon\;C:\Program Files\Docker\Docker\resources\bin;C:\ProgramData\DockerDesktop\version-bin;C:\Program Files\nodejs\;C:\Whitelisted\chocolatey\bin;C:\Program Files (x86)\Intel\Intel(R) Management Engine Components\DAL;C:\Program Files\Intel\Intel(R) Management Engine Components\DAL;C:\Whitelisted\Java\jdk15\bin;C:\Whitelisted\Common Files\Oracle\Java\javapath;C:\Whitelisted\Ruby\Ruby26-x64\bin;C:\Users\sharif.gaballah\AppData\Local\Programs\Python\Python38-32\Scripts\;C:\Users\sharif.gaballah\AppData\Local\Programs\Python\Python38-32\;C:\Ruby26-x64\bin;C:\Users\sharif.gaballah\AppData\Local\Microsoft\WindowsApps;&quot;C:\Users\sharif.gaballah\AppData\Local\GitHubDesktop\bin;&quot;;C:\Users\sharif.gaballah\AppData\Local\atom\bin;C:\Whitelisted\Maven\apache-maven-3.6.1\bin;C:\Users\sharif.gaballah\AppData\Local\Programs\Git\cmd;C:\Whitelisted\Java\jdk-15;C:\Users\sharif.gaballah\AppData\Local\GitHubDesktop\bin;C:\Users\sharif.gaballah\AppData\Local\Programs\Microsoft VS Code\bin;C:\Users\sharif.gaballah\AppData\Local\Microsoft\WindowsApps;C:\Users\sharif.gaballah\AppData\Roaming\npm;C:\Whitelisted;C:\Whitelisted\atom\bin;C:\Whitelisted\IntelliJ IDEA Community Edition 2020.3.2\bin;;;."/>
    <property name="java.vm.info" value="mixed mode, sharing"/>
    <property name="java.vendor" value="Oracle Corporation"/>
    <property name="java.vm.version" value="15.0.2+7-27"/>
    <property name="sun.io.unicode.encoding" value="UnicodeLittle"/>
    <property name="java.class.version" value="59.0"/>
  </properties>
</testsuite>